"../../../Engine/Content/Functions/Engine_MaterialFunctions01/Opacity/CameraDepthFade.uasset" 0
"../../../Engine/Content/EngineMaterials/T_Default_Material_Grid_M.uasset" 1
"../../../Engine/Content/EngineMaterials/T_Default_Material_Grid_N.uasset" 2
"../../../Engine/Content/EngineMaterials/DefaultMaterial.uasset" 3
"../../../Engine/Content/EngineMaterials/DefaultDiffuse.uasset" 4
"../../../Engine/Content/EngineMaterials/DefaultNormal.uasset" 5
"../../../Engine/Content/Maps/Entry.umap" 6
"../../../Engine/Content/EditorBlueprintResources/StandardMacros.uasset" 7
"../../../Engine/Content/EngineSky/C_Sky_Cloud_Color.uasset" 8
"../../../Engine/Content/EngineSky/C_Sky_Horizon_Color.uasset" 9
"../../../Engine/Content/EngineSky/C_Sky_Zenith_Color.uasset" 10
"../../../Engine/Content/EngineSky/T_Sky_Blue.uasset" 11
"../../../Engine/Content/EngineSky/T_Sky_Clouds_M.uasset" 12
"../../../Engine/Content/EngineSky/T_Sky_Stars.uasset" 13
"../../../Engine/Content/EngineSky/SM_SkySphere.uasset" 14
"../../../Engine/Content/EngineSky/M_Sky_Panning_Clouds2.uasset" 15
"../../../Engine/Content/EngineSky/BP_Sky_Sphere.uasset" 16
"../../../Engine/Content/EngineMaterials/WorldGridMaterial.uasset" 17
"../../../BasicVRHands/Content/BasicVRHands/Textures/female_high/female_hand_high_albedo.uasset" 18
"../../../BasicVRHands/Content/BasicVRHands/Textures/female_high/female_hand_high_ao.uasset" 19
"../../../BasicVRHands/Content/BasicVRHands/Textures/female_high/female_hand_high_normal.uasset" 20
"../../../BasicVRHands/Content/BasicVRHands/Textures/female_high/female_hand_high_roughness.uasset" 21
"../../../BasicVRHands/Content/BasicVRHands/Textures/female_high/female_hand_high_subdermal.uasset" 22
"../../../BasicVRHands/Content/BasicVRHands/Textures/masks/mask_female2048.uasset" 23
"../../../BasicVRHands/Content/BasicVRHands/Materials/MB_high.uasset" 24
"../../../BasicVRHands/Content/BasicVRHands/Materials/Female/M_high_female.uasset" 25
"../../../BasicVRHands/Content/BasicVRHands/Materials/Female/M_high_female_african.uasset" 26
"../../../BasicVRHands/Content/BasicVRHands/Textures/Diffuse/female_hand_low_diffuse_512.uasset" 27
"../../../BasicVRHands/Content/BasicVRHands/Textures/masks/mask_female512.uasset" 28
"../../../BasicVRHands/Content/BasicVRHands/Materials/MB_low.uasset" 29
"../../../BasicVRHands/Content/BasicVRHands/Textures/Diffuse/female_hand_low_diffuse_1024.uasset" 30
"../../../BasicVRHands/Content/BasicVRHands/Textures/masks/mask_female1024.uasset" 31
"../../../BasicVRHands/Content/BasicVRHands/Materials/Female/M_low_female.uasset" 32
"../../../BasicVRHands/Content/BasicVRHands/Materials/Female/M_low_female_african.uasset" 33
"../../../BasicVRHands/Content/BasicVRHands/Materials/Female/M_lowest_female.uasset" 34
"../../../BasicVRHands/Content/BasicVRHands/Materials/Female/M_lowest_female_african.uasset" 35
"../../../BasicVRHands/Content/BasicVRHands/Textures/male_high/male_hand_high_albedo.uasset" 36
"../../../BasicVRHands/Content/BasicVRHands/Textures/male_high/male_hand_high_ao.uasset" 37
"../../../BasicVRHands/Content/BasicVRHands/Textures/male_high/male_hand_high_normal.uasset" 38
"../../../BasicVRHands/Content/BasicVRHands/Textures/male_high/male_hand_high_roughness.uasset" 39
"../../../BasicVRHands/Content/BasicVRHands/Textures/male_high/male_hand_high_subdermal.uasset" 40
"../../../BasicVRHands/Content/BasicVRHands/Textures/masks/mask_male2048.uasset" 41
"../../../BasicVRHands/Content/BasicVRHands/Materials/Male/M_high_male.uasset" 42
"../../../BasicVRHands/Content/BasicVRHands/Materials/Male/M_high_male_african.uasset" 43
"../../../BasicVRHands/Content/BasicVRHands/Textures/Diffuse/male_hand_low_diffuse_1024.uasset" 44
"../../../BasicVRHands/Content/BasicVRHands/Textures/masks/mask_male1024.uasset" 45
"../../../BasicVRHands/Content/BasicVRHands/Materials/Male/M_low_male.uasset" 46
"../../../BasicVRHands/Content/BasicVRHands/Materials/Male/M_low_male_african.uasset" 47
"../../../BasicVRHands/Content/BasicVRHands/Textures/Diffuse/male_hand_low_diffuse_512.uasset" 48
"../../../BasicVRHands/Content/BasicVRHands/Textures/masks/mask_male512.uasset" 49
"../../../BasicVRHands/Content/BasicVRHands/Materials/Male/M_lowest_male.uasset" 50
"../../../BasicVRHands/Content/BasicVRHands/Materials/Male/M_lowest_male_african.uasset" 51
"../../../Engine/Content/MapTemplates/SM_Template_Map_Floor.uasset" 52
"../../../BasicVRHands/Content/BasicVRHands/Mesh/unnamed.uasset" 53
"../../../BasicVRHands/Content/NewFolder/Meshes/female_hand_l_Skeleton.uasset" 54
"../../../BasicVRHands/Content/NewFolder/Meshes/female_hand_high_l.uasset" 55
"../../../BasicVRHands/Content/NewFolder/Meshes/female_hand_r_Skeleton.uasset" 56
"../../../BasicVRHands/Content/NewFolder/Meshes/female_hand_high_r.uasset" 57
"../../../BasicVRHands/Content/NewFolder/Meshes/female_hand_low_l.uasset" 58
"../../../BasicVRHands/Content/NewFolder/Meshes/female_hand_low_r.uasset" 59
"../../../BasicVRHands/Content/NewFolder/Meshes/female_hand_lowest_l.uasset" 60
"../../../BasicVRHands/Content/NewFolder/Meshes/female_hand_lowest_r.uasset" 61
"../../../BasicVRHands/Content/NewFolder/Meshes/male_hand_l_Skeleton.uasset" 62
"../../../BasicVRHands/Content/NewFolder/Meshes/male_hand_high_l.uasset" 63
"../../../BasicVRHands/Content/NewFolder/Meshes/male_hand_r_Skeleton.uasset" 64
"../../../BasicVRHands/Content/NewFolder/Meshes/male_hand_high_r.uasset" 65
"../../../BasicVRHands/Content/NewFolder/Meshes/male_hand_low_l.uasset" 66
"../../../BasicVRHands/Content/NewFolder/Meshes/male_hand_low_r.uasset" 67
"../../../BasicVRHands/Content/NewFolder/Meshes/male_hand_lowest_l.uasset" 68
"../../../BasicVRHands/Content/NewFolder/Meshes/male_hand_lowest_r.uasset" 69
"../../../BasicVRHands/Content/OverviewMap.umap" 70
"../../../Engine/Content/EngineFonts/Roboto.uasset" 71
"../../../Engine/Content/Functions/Engine_MaterialFunctions01/Shading/PowerToRoughness.uasset" 72
"../../../Engine/Content/Functions/Engine_MaterialFunctions01/Shading/ConvertFromDiffSpec.uasset" 73
"../../../Engine/Content/EngineMaterials/DefaultDeferredDecalMaterial.uasset" 74
"../../../Engine/Content/EngineMaterials/DefaultLightFunctionMaterial.uasset" 75
"../../../Engine/Content/Functions/Engine_MaterialFunctions02/Utility/BreakOutFloat2Components.uasset" 76
"../../../Engine/Content/EngineMaterials/DefaultPostProcessMaterial.uasset" 77
"../../../Engine/Content/EngineResources/DefaultTexture.uasset" 78
"../../../Engine/Content/Functions/Engine_MaterialFunctions02/Texturing/ScreenAlignedUVs.uasset" 79
"../../../Engine/Content/EngineResources/WhiteSquareTexture.uasset" 80
"../../../Engine/Content/EngineMaterials/Widget3DPassThrough.uasset" 81
"../../../Engine/Content/EngineMaterials/Widget3DPassThrough_Translucent.uasset" 82
"../../../Engine/Content/EngineMaterials/Widget3DPassThrough_Translucent_OneSided.uasset" 83
"../../../Engine/Content/EngineMaterials/Widget3DPassThrough_Opaque.uasset" 84
"../../../Engine/Content/EngineMaterials/Widget3DPassThrough_Opaque_OneSided.uasset" 85
"../../../Engine/Content/EngineMaterials/Widget3DPassThrough_Masked.uasset" 86
"../../../Engine/Content/EngineMaterials/Widget3DPassThrough_Masked_OneSided.uasset" 87
"../../../Engine/Content/EditorResources/S_Actor.uasset" 88
"../../../Engine/Content/Maps/Templates/Thumbnails/Default.uasset" 89
"../../../Engine/Content/EditorMaterials/ParticleSystems/PSysThumbnail_NoImage.uasset" 90
"../../../Engine/Content/EditorMaterials/ParticleSystems/PSysThumbnail_OOD.uasset" 91
"../../../Engine/Content/EditorLandscapeResources/DataLayer.uasset" 92
"../../../Engine/Content/EngineDamageTypes/DmgTypeBP_Environmental.uasset" 93
"../../../Engine/Content/EngineMeshes/Sphere.uasset" 94
"../../../Engine/Content/EngineFonts/RobotoDistanceField.uasset" 95
"../../../Engine/Content/EngineMaterials/DefaultTextMaterialOpaque.uasset" 96
"../../../Engine/Content/EditorResources/S_Trigger.uasset" 97
"../../../Engine/Content/EngineResources/GradientTexture0.uasset" 98
"../../../Engine/Content/EngineResources/Black.uasset" 99
"../../../Engine/Content/EditorMaterials/MatineeGroups/MAT_Groups_Float.uasset" 100
"../../../Engine/Content/EditorMaterials/MatineeGroups/MAT_Groups_Director.uasset" 101
"../../../Engine/Content/EditorMaterials/MatineeGroups/MAT_Groups_Event.uasset" 102
"../../../Engine/Content/EditorMaterials/MatineeGroups/MAT_Groups_Anim.uasset" 103
"../../../Engine/Content/EditorMaterials/MatineeGroups/MAT_Groups_Fade.uasset" 104
"../../../Engine/Content/EditorMaterials/MatineeGroups/MAT_Groups_Move.uasset" 105
"../../../Engine/Content/EditorMaterials/MatineeGroups/MAT_Groups_Slomo.uasset" 106
"../../../Engine/Content/EditorMaterials/MatineeGroups/MAT_ColorTrack.uasset" 107
"../../../Engine/Content/EditorMaterials/MAT_Groups_Toggle.uasset" 108
"../../../Engine/Content/EditorMaterials/MatineeGroups/MAT_Groups_AudioMaster.uasset" 109
"../../../Engine/Content/EditorMaterials/MatineeGroups/MAT_Groups_Sound.uasset" 110
"../../../Engine/Content/EditorMaterials/MatineeGroups/MAT_Groups_Vector.uasset" 111
"../../../Engine/Content/EditorMaterials/MAT_Groups_Visibility.uasset" 112
"../../../Engine/Content/EngineResources/DefaultTextureCube.uasset" 113
"../../../Engine/Content/EngineMeshes/Cylinder.uasset" 114
"../../../Engine/Content/EngineTireTypes/DefaultTireType.uasset" 115
"../../../Engine/Content/EngineResources/AICON-Red.uasset" 116
"../../../Engine/Content/EngineResources/AICON-Green.uasset" 117
"../../../Engine/Content/Tutorial/Basics/LevelEditorAttract.uasset" 118
"../../../Engine/Content/Tutorial/BlueprintTutorials/TutorialAssets/Blueprint_64x.uasset" 119
"../../../Engine/Content/Tutorial/BlueprintTutorials/BlueprintEditorTutorial.uasset" 120
"../../../Engine/Content/Tutorial/Basics/TutorialAssets/icon_tab_Levels_40x.uasset" 121
"../../../Engine/Content/Tutorial/Basics/LevelEditorOverview.uasset" 122
"../../../Engine/Content/Tutorial/SubEditors/TutorialAssets/icon_ShowSkeletalMeshes_40x.uasset" 123
"../../../Engine/Content/Tutorial/SubEditors/TutorialAssets/Character/TutorialTPP_Mat.uasset" 124
"../../../Engine/Content/Tutorial/SubEditors/TutorialAssets/Character/TutorialTPP_PhysicsAsset.uasset" 125
"../../../Engine/Content/Tutorial/SubEditors/TutorialAssets/Character/TutorialTPP.uasset" 126
"../../../Engine/Content/Tutorial/SubEditors/TutorialAssets/Character/TutorialTPP_Skeleton.uasset" 127
"../../../Engine/Content/Tutorial/SubEditors/TutorialAssets/Character/Tutorial_Idle.uasset" 128
"../../../Engine/Content/Tutorial/SubEditors/TutorialAssets/Character/Tutorial_Walk_Fwd.uasset" 129
"../../../Engine/Content/Tutorial/SubEditors/TutorialAssets/Character/NewBlendSpace1D.uasset" 130
"../../../Engine/Content/Tutorial/SubEditors/TutorialAssets/Character/TutorialCharacter.uasset" 131
"../../../Engine/Content/Tutorial/SubEditors/TutorialAssets/Character/TutorialTPP_AnimBlueprint.uasset" 132
"../../../Engine/Content/Tutorial/SubEditors/PersonaAnimBlueprintEditorWalkthrough.uasset" 133
"../../../Engine/Content/Tutorial/SubEditors/PersonaAnimEditorWalkthrough.uasset" 134
"../../../Engine/Content/Tutorial/ContentIntroCurve.uasset" 135
"../../../Engine/Plugins/2D/Paper2D/Content/PlaceholderTextures/DummySpriteTexture.uasset" 136
"../../../Engine/Plugins/2D/Paper2D/Content/DefaultSpriteMaterial.uasset" 137
"../../../Engine/Plugins/2D/Paper2D/Content/MaskedUnlitSpriteMaterial.uasset" 138
"../../../Engine/Plugins/2D/Paper2D/Content/OpaqueUnlitSpriteMaterial.uasset" 139
"../../../Engine/Plugins/2D/Paper2D/Content/DummySpriteTexture.uasset" 140
"../../../Engine/Plugins/2D/Paper2D/Content/DummySprite.uasset" 141
"../../../Engine/Plugins/2D/Paper2D/Content/DefaultPaperTerrainMaterial.uasset" 142
"../../../Engine/Plugins/Runtime/LeapMotionController/Content/LM_CapsuleMesh.uasset" 143
"../../../Engine/Plugins/Runtime/LeapMotionController/Content/LM_TorusMesh.uasset" 144
"../../../Engine/Plugins/Runtime/LeapMotionController/Content/LM_HandColor.uasset" 145
"../../../Engine/Plugins/Runtime/LeapMotionController/Content/LM_SampleDistortion.uasset" 146
"../../../Engine/Plugins/Runtime/LeapMotionController/Content/LM_TestTexture.uasset" 147
"../../../Engine/Plugins/Runtime/LeapMotionController/Content/LM_PassthroughMaterial.uasset" 148
"../../../Engine/Content/BasicShapes/Cube.uasset" 149
"../../../Engine/Content/EngineMaterials/RemoveSurfaceMaterial.uasset" 150
"../../../Engine/Content/EngineDebugMaterials/DebugMeshMaterial.uasset" 151
"../../../Engine/Content/EngineMaterials/InvalidLightmapSettings.uasset" 152
"../../../Engine/Content/EngineMaterials/M_InvalidLightmapSettings.uasset" 153
"../../../Engine/Content/EditorMaterials/GizmoMaterial.uasset" 154
"../../../Engine/Content/EngineMaterials/Good64x64TilingNoiseHighFreq.uasset" 155
"../../../Engine/Content/EngineMaterials/DefaultBokeh.uasset" 156
"../../../Engine/Content/EngineMaterials/PreintegratedSkinBRDF.uasset" 157
"../../../Engine/Content/EngineMaterials/MiniFont.uasset" 158
"../../../Engine/Content/EngineMaterials/WeightMapPlaceholderTexture.uasset" 159
"../../../Engine/Content/EngineMaterials/DefaultWhiteGrid.uasset" 160
"../../../Engine/Content/EngineMaterials/DefaultPhysicalMaterial.uasset" 161
"../../../Engine/Content/EngineFonts/RobotoTiny.uasset" 162
"../../../Engine/Content/MobileResources/HUD/MobileHUDButton2_off.uasset" 163
"../../../Engine/Content/MobileResources/HUD/T_Castle_ThumbstickInner.uasset" 164
"../../../Engine/Content/MobileResources/HUD/MobileHUDDirectionStick.uasset" 165
"../../../Engine/Content/MobileResources/HUD/MobileHUDButton3.uasset" 166
"../../../Engine/Content/MobileResources/HUD/MobileHUDButtonFire.uasset" 167
"../../../Engine/Content/MobileResources/HUD/T_Castle_ThumbstickOutter.uasset" 168
"../../../BasicVRHands/Content/BasicVRHands/Mesh/male_hand_lowest_l_Skeleton.uasset" 169
"../../../BasicVRHands/Content/BasicVRHands/Mesh/male_hand_lowest_l.uasset" 170
"../../../Engine/Content/MobileResources/HUD/MobileHUDButton2_on.uasset" 171
"../../../Engine/Content/MobileResources/HUD/MobileHUDDirectionPad3.uasset" 172
"../../../BasicVRHands/Content/BasicVRHands/Mesh/male_hand_low_l.uasset" 173
"../../../BasicVRHands/Content/BasicVRHands/Mesh/male_hand_low_l_Skeleton.uasset" 174
"../../../BasicVRHands/Content/BasicVRHands/Anim/Anim_Male_Low_l_default.uasset" 175
"../../../BasicVRHands/Content/BasicVRHands/Anim/Anim_male_low_l_grab.uasset" 176
"../../../BasicVRHands/Content/BasicVRHands/Anim/BS_male_low_l_grab.uasset" 177
"../../../Engine/Content/EngineMeshes/Humanoid.uasset" 178
"../../../BasicVRHands/Content/BasicVRHands/Mesh/male_hand_high_l.uasset" 179
"../../../BasicVRHands/Content/BasicVRHands/Mesh/male_hand_high_l_Skeleton.uasset" 180
"../../../BasicVRHands/Content/BasicVRHands/Anim/High/Anim_Male_high_l_default.uasset" 181
"../../../BasicVRHands/Content/BasicVRHands/Anim/High/Anim_male_high_l_grab.uasset" 182
"../../../BasicVRHands/Content/BasicVRHands/Anim/High/BS_male_high_l.uasset" 183
"../../../BasicVRHands/Content/BasicVRHands/Anim/C_0_1_0_2s.uasset" 184
"../../../BasicVRHands/Content/BasicVRHands/Mesh/male_hand_high_r.uasset" 185
"../../../BasicVRHands/Content/BasicVRHands/Mesh/male_hand_high_r_Skeleton.uasset" 186
"../../../BasicVRHands/Content/BasicVRHands/Anim/High/AP_male_high_r_grab.uasset" 187
"../../../BasicVRHands/Content/BasicVRHands/Anim/High/AP_male_high_l_grab.uasset" 188
"../../../BasicVRHands/Content/BasicVRHands/Mesh/female_hand_high_l_Skeleton.uasset" 189
"../../../BasicVRHands/Content/BasicVRHands/Mesh/female_hand_high_l.uasset" 190
"../../../BasicVRHands/Content/BasicVRHands/Mesh/female_hand_lowest_r_Skeleton.uasset" 191
"../../../BasicVRHands/Content/BasicVRHands/Mesh/female_hand_lowest_r.uasset" 192
"../../../BasicVRHands/Content/BasicVRHands/Mesh/female_hand_low_l_Skeleton.uasset" 193
"../../../BasicVRHands/Content/BasicVRHands/Mesh/female_hand_low_l.uasset" 194
"../../../BasicVRHands/Content/BasicVRHands/Textures/Diffuse/female_hand_low_diffuse_2048.uasset" 195
"../../../Engine/Content/EditorResources/EmptyActor.uasset" 196
"../../../Engine/Content/MobileResources/HUD/MobileHUDDirectionPad2.uasset" 197
"../../../Engine/Content/MobileResources/HUD/MobileHUDButton1_on.uasset" 198
"../../../Engine/Content/MobileResources/HUD/MobileHUDDirectionPad.uasset" 199
"../../../Engine/Content/MobileResources/T_MobileMenu2.uasset" 200
"../../../Engine/Content/MobileResources/HUD/MobileHUDButton1_off.uasset" 201
"../../../BasicVRHands/Content/BasicVRHands/Mesh/male_hand_lowest_r_Skeleton.uasset" 202
"../../../BasicVRHands/Content/BasicVRHands/Mesh/male_hand_lowest_r.uasset" 203
"../../../Engine/Content/MobileResources/HUD/VirtualJoystick_Background.uasset" 204
"../../../Engine/Content/MobileResources/HUD/VirtualJoystick_Thumb.uasset" 205
"../../../Engine/Content/MobileResources/HUD/LeftVirtualJoystickOnly.uasset" 206
"../../../Engine/Content/MobileResources/HUD/DefaultVirtualJoysticks.uasset" 207
"../../../Engine/Content/MobileResources/HUD/AnalogHat.uasset" 208
"../../../Engine/Content/MobileResources/T_MobileControls_texture.uasset" 209
"../../../BasicVRHands/Content/BasicVRHands/Textures/Diffuse/male_hand_low_diffuse_2048.uasset" 210
"../../../BasicVRHands/Content/BasicVRHands/Mesh/male_hand_low_r_Skeleton.uasset" 211
"../../../BasicVRHands/Content/BasicVRHands/Mesh/male_hand_low_r.uasset" 212
"../../../Engine/Content/EditorMaterials/PhAT_JointLimitMaterial.uasset" 213
"../../../Engine/Content/EditorMaterials/PreviewShadowIndicator.uasset" 214
"../../../Engine/Content/EditorMaterials/PreviewShadowIndicatorMaterial.uasset" 215
"../../../Engine/Content/EditorMeshes/ColorCalibrator/M_ChromeBall.uasset" 216
"../../../Engine/Content/EditorMeshes/ColorCalibrator/M_ClearCoat.uasset" 217
"../../../Engine/Content/EditorMeshes/ColorCalibrator/M_ClearCoatBlack.uasset" 218
"../../../Engine/Content/EditorMeshes/ColorCalibrator/T_ColorGrid.uasset" 219
"../../../Engine/Content/EditorMeshes/ColorCalibrator/M_ColorGrid.uasset" 220
"../../../Engine/Content/EditorMeshes/ColorCalibrator/M_GreyBall.uasset" 221
"../../../Engine/Content/EditorMeshes/ColorCalibrator/SM_ColorCalibrator.uasset" 222
"../../../Engine/Content/EditorResources/BSPVertex.uasset" 223
"../../../Engine/Content/EngineDebugMaterials/HeatmapGradient.uasset" 224
"../../../Engine/Content/EngineDebugMaterials/BoneWeightMaterial.uasset" 225
"../../../Engine/Content/EngineDebugMaterials/GeomMaterial.uasset" 226
"../../../Engine/Content/EngineMaterials/EditorBrushMaterial.uasset" 227
"../../../Engine/Content/Tutorial/BlueprintTutorials/TutorialAssets/BlueprintInterface_64x.uasset" 228
"../../../Engine/Content/Tutorial/BlueprintTutorials/TutorialAssets/Tutorial_BP_Interface.uasset" 229
"../../../Engine/Content/Tutorial/BlueprintTutorials/BlueprintInterfacesEditorOverview.uasset" 230
"../../../Engine/Content/Tutorial/BlueprintTutorials/TutorialAssets/BlueprintMacroLibrary_64x.uasset" 231
"../../../Engine/Content/Tutorial/BlueprintTutorials/TutorialAssets/Tutorial_BP_MacroLib.uasset" 232
"../../../Engine/Content/Tutorial/BlueprintTutorials/BlueprintMacroLibrariesEditorOverview.uasset" 233
"../../../Engine/Content/Tutorial/BlueprintTutorials/LevelBlueprintEditorOverview.uasset" 234
"../../../Engine/Content/Tutorial/Foliage/TutorialAssets/Foliage.uasset" 235
"../../../Engine/Content/Tutorial/Foliage/Foliage_Settings_Tutorial.uasset" 236
"../../../Engine/Content/Tutorial/Foliage/Foliage_Using_The_Tool_Tutorial.uasset" 237
"../../../Engine/Content/Tutorial/Foliage/Foliage_Intro_Tutorial.uasset" 238
"../../../Engine/Content/Tutorial/Landscape/TutorialAssets/Landscape.uasset" 239
"../../../Engine/Content/Tutorial/Landscape/Landscape_Painting_Mode.uasset" 240
"../../../Engine/Content/Tutorial/Landscape/Landscape_Sculpt_Mode.uasset" 241
"../../../Engine/Content/Tutorial/Landscape/Landscape_Manage_Mode.uasset" 242
"../../../Engine/Content/Tutorial/Paper2D/TutorialAssets/Paper2DFlipbook_TutorialIcon.uasset" 243
"../../../Engine/Content/Tutorial/Paper2D/FlipbookEditorTutorial.uasset" 244
"../../../Engine/Content/Tutorial/Paper2D/TutorialAssets/Paper2DSprite_TutorialIcon.uasset" 245
"../../../Engine/Content/Tutorial/Paper2D/SpriteEditorTutorial.uasset" 246
"../../../Engine/Content/EditorMeshes/EditorCube.uasset" 247
"../../../Engine/Content/Tutorial/SubEditors/TutorialAssets/Tutorial_DM.uasset" 248
"../../../Engine/Content/Tutorial/SubEditors/DestructibleMeshEditorTutorial.uasset" 249
"../../../Engine/Content/Tutorial/SubEditors/TutorialAssets/TutorialMaterial.uasset" 250
"../../../Engine/Content/Tutorial/SubEditors/MaterialEditorTutorial.uasset" 251
"../../../Engine/Content/Tutorial/SubEditors/TutorialAssets/T_SmokeSubUV_8X8.uasset" 252
"../../../Engine/Content/Tutorial/SubEditors/TutorialAssets/T_soft_smoke.uasset" 253
"../../../Engine/Content/Tutorial/SubEditors/TutorialAssets/M_smoke_subUV_blackbody.uasset" 254
"../../../Engine/Content/Tutorial/SubEditors/TutorialAssets/TutorialParticleSystem.uasset" 255
"../../../Engine/Content/Tutorial/SubEditors/ParticleSystemEditorTutorial.uasset" 256
"../../../Engine/Content/EngineMeshes/Cube.uasset" 257
"../../../Engine/Content/Tutorial/SubEditors/StaticMeshEditorTutorial.uasset" 258
"../../../Engine/Content/Tutorial/SubEditors/TutorialAssets/icon_Editor_Preferences_General_40x.uasset" 259
